<?xml version="1.0" encoding="UTF-8"?>
<!-- Generated by org.testng.reporters.JUnitReportReporter -->
<testsuite hostname="LAPTOP-G78KK4VM" failures="0" tests="1" name="testNg.AutoComplete" time="13.115" errors="0" timestamp="2023-03-02T20:47:15 IST" skipped="0">
  <testcase classname="testNg.AutoComplete" name="verifyAutoComplete" time="13.115"/>
  <system-out/>
</testsuite> <!-- testNg.AutoComplete -->
