<?xml version="1.0" encoding="UTF-8"?>
<!-- Generated by org.testng.reporters.JUnitReportReporter -->
<testsuite hostname="LAPTOP-G78KK4VM" failures="0" tests="1" name="testNg.Forms" time="10.107" errors="0" timestamp="2023-03-02T20:47:15 IST" skipped="0">
  <testcase classname="testNg.Forms" name="verifyForms" time="10.107"/>
  <system-out/>
</testsuite> <!-- testNg.Forms -->
