<?xml version="1.0" encoding="UTF-8"?>
<!-- Generated by org.testng.reporters.JUnitReportReporter -->
<testsuite hostname="LAPTOP-G78KK4VM" failures="0" tests="1" name="testNg.Resizeable" time="8.857" errors="0" timestamp="2023-03-02T20:47:15 IST" skipped="0">
  <testcase classname="testNg.Resizeable" name="verifyResizable" time="8.857"/>
  <system-out/>
</testsuite> <!-- testNg.Resizeable -->
