<?xml version="1.0" encoding="UTF-8"?>
<!-- Generated by org.testng.reporters.JUnitReportReporter -->
<testsuite hostname="LAPTOP-G78KK4VM" failures="0" tests="1" name="testNg.Alerts" time="8.961" errors="0" timestamp="2023-03-02T20:47:15 IST" skipped="0">
  <testcase classname="testNg.Alerts" name="verifyAlerts" time="8.961"/>
  <system-out/>
</testsuite> <!-- testNg.Alerts -->
